<?xml version="1.0" encoding="UTF-8"?>
<!-- Generated by org.testng.reporters.JUnitXMLReporter -->
<testsuite ignored="0" hostname="Nitins-MacBook-Pro.local" failures="0" tests="1" name="FirefoxTest" time="1.274" errors="0" timestamp="2021-11-19T00:38:40 PST">
  <testcase classname="com.dsalgo.base.BrowserInit" name="@BeforeTest startApplication" time="1.228">
    <failure type="java.lang.NullPointerException" message="Cannot invoke &amp;quot;org.openqa.selenium.WebDriver.get(String)&amp;quot; because &amp;quot;this.driver&amp;quot; is null">
      <![CDATA[java.lang.NullPointerException: Cannot invoke "org.openqa.selenium.WebDriver.get(String)" because "this.driver" is null
at com.dsalgo.base.BrowserInit.startApplication(BrowserInit.java:46)
at java.base/java.util.concurrent.FutureTask.run(FutureTask.java:264)
at java.base/java.util.concurrent.ThreadPoolExecutor.runWorker(ThreadPoolExecutor.java:1130)
at java.base/java.util.concurrent.ThreadPoolExecutor$Worker.run(ThreadPoolExecutor.java:630)
at java.base/java.lang.Thread.run(Thread.java:832)
... Removed 15 stack frames]]>
    </failure>
  </testcase> <!-- @BeforeTest startApplication -->
  <testcase classname="com.dsalgo.base.BrowserInit" name="@BeforeClass beforeClass" time="-1.637311120568E9">
    <skipped/>
  </testcase> <!-- @BeforeClass beforeClass -->
  <testcase classname="com.dsalgo.base.BrowserInit" name="@AfterClass afterClass" time="-1.637311120583E9">
    <skipped/>
  </testcase> <!-- @AfterClass afterClass -->
  <testcase classname="com.dsalgo.testcases.GetStarted" name="loginapp" time="0.0">
    <skipped/>
  </testcase> <!-- loginapp -->
</testsuite> <!-- FirefoxTest -->
